<?xml version="1.0" encoding="UTF-8"?>
<!-- Generated by org.testng.reporters.JUnitReportReporter -->
<testsuite skipped="0" hostname="BDC3-LX-7041RDW" name="day2test.pageTest" tests="1" failures="0" timestamp="21 Aug 2018 12:59:12 GMT" time="0.025" errors="0">
  <testcase name="test" time="0.025" classname="day2test.pageTest"/>
</testsuite> <!-- day2test.pageTest -->
